<?xml version="1.0" encoding="UTF-8"?>
<!-- Generated by org.testng.reporters.JUnitReportReporter -->
<testsuite skipped="0" hostname="com" name="com.TestCases.OrangeHRM_Login_TestCase" tests="1" failures="0" timestamp="2020-07-15T19:16:48 IST" time="12.642" errors="0">
  <testcase name="Login" time="12.642" classname="com.TestCases.OrangeHRM_Login_TestCase"/>
</testsuite> <!-- com.TestCases.OrangeHRM_Login_TestCase -->
