<?xml version="1.0" encoding="UTF-8"?>
<!-- Generated by org.testng.reporters.JUnitReportReporter -->
<testsuite skipped="0" hostname="com" name="com.TestCases.OrangeHRM_Admin_Configuration_EmailSubscriptions_TestCase" tests="2" failures="0" timestamp="2020-06-18T10:29:54 IST" time="17.840" errors="0">
  <testcase name="Admin_EmailSubscription" time="9.710" classname="com.TestCases.OrangeHRM_Admin_Configuration_EmailSubscriptions_TestCase"/>
  <testcase name="Login" time="8.130" classname="com.TestCases.OrangeHRM_Admin_Configuration_EmailSubscriptions_TestCase"/>
</testsuite> <!-- com.TestCases.OrangeHRM_Admin_Configuration_EmailSubscriptions_TestCase -->
