<?xml version="1.0" encoding="UTF-8"?>
<!-- Generated by org.testng.reporters.JUnitReportReporter -->
<testsuite skipped="0" hostname="com" name="com.TestCases.OrangeHRM_Admin_TestCase" tests="2" failures="0" timestamp="2020-06-28T11:13:03 IST" time="14.725" errors="0">
  <testcase name="Admin" time="4.690" classname="com.TestCases.OrangeHRM_Admin_TestCase"/>
  <testcase name="Login" time="10.035" classname="com.TestCases.OrangeHRM_Admin_TestCase"/>
</testsuite> <!-- com.TestCases.OrangeHRM_Admin_TestCase -->
