<?xml version="1.0" encoding="UTF-8"?>
<!-- Generated by org.testng.reporters.JUnitReportReporter -->
<testsuite hostname="sai-PC" name="com.TestCases.OrangeHRM_Leave_AddEntitlement_TestCase2" tests="2" failures="0" timestamp="7 Jun 2020 04:53:05 GMT" time="11.664" errors="0">
  <testcase name="Leave" time="5.113" classname="com.TestCases.OrangeHRM_Leave_AddEntitlement_TestCase2"/>
  <testcase name="Login" time="6.551" classname="com.TestCases.OrangeHRM_Leave_AddEntitlement_TestCase2"/>
</testsuite> <!-- com.TestCases.OrangeHRM_Leave_AddEntitlement_TestCase2 -->
