<?xml version="1.0" encoding="UTF-8"?>
<!-- Generated by org.testng.reporters.JUnitReportReporter -->
<testsuite hostname="com" name="com.TestCases.OrangeHRM_Leave_AddEntitlement_TestCase" tests="2" failures="0" timestamp="5 Jun 2020 12:23:29 GMT" time="51.625" errors="0">
  <testcase name="Login" time="13.422" classname="com.TestCases.OrangeHRM_Leave_AddEntitlement_TestCase"/>
  <testcase name="Leave" time="38.203" classname="com.TestCases.OrangeHRM_Leave_AddEntitlement_TestCase"/>
</testsuite> <!-- com.TestCases.OrangeHRM_Leave_AddEntitlement_TestCase -->
