<?xml version="1.0" encoding="UTF-8"?>
<!-- Generated by org.testng.reporters.JUnitReportReporter -->
<testsuite hostname="sai-PC" name="com.TestCases.OrangeHRM_Leave_EmployeeEntitlement_TestCase2" tests="2" failures="0" timestamp="7 Jun 2020 04:54:10 GMT" time="11.233" errors="0">
  <testcase name="Leave" time="4.580" classname="com.TestCases.OrangeHRM_Leave_EmployeeEntitlement_TestCase2"/>
  <testcase name="Login" time="6.653" classname="com.TestCases.OrangeHRM_Leave_EmployeeEntitlement_TestCase2"/>
</testsuite> <!-- com.TestCases.OrangeHRM_Leave_EmployeeEntitlement_TestCase2 -->
