<?xml version="1.0" encoding="UTF-8"?>
<!-- Generated by org.testng.reporters.JUnitReportReporter -->
<testsuite skipped="0" hostname="com" name="com.TestCases.OrangeHRM_Leave_AssignLeave_TestCase" tests="2" failures="0" timestamp="2020-06-19T22:19:34 IST" time="19.391" errors="0">
  <testcase name="Admin" time="8.328" classname="com.TestCases.OrangeHRM_Leave_AssignLeave_TestCase"/>
  <testcase name="Login" time="11.063" classname="com.TestCases.OrangeHRM_Leave_AssignLeave_TestCase"/>
</testsuite> <!-- com.TestCases.OrangeHRM_Leave_AssignLeave_TestCase -->
